<?xml version="1.0" encoding="UTF-8"?>
<!-- Generated by org.testng.reporters.JUnitXMLReporter -->
<testsuite ignored="0" hostname="SAURABH" failures="0" tests="1" name="Default test" time="0.098" errors="0" timestamp="2022-09-17T09:05:37 IST">
  <testcase classname="amazontestpack.Finalmobileverification" name="@BeforeTest launchBrowser" time="-1.663385736951E9">
    <failure type="org.testng.TestNGException" message="
Parameter &amp;apos;browser&amp;apos; is required by BeforeTest on method launchBrowser but has not been marked @Optional or defined
in C:\Users\Saurabh Zend\AppData\Local\Temp\testng-eclipse--1362385724\testng-customsuite.xml">
      <![CDATA[org.testng.TestNGException: 
Parameter 'browser' is required by BeforeTest on method launchBrowser but has not been marked @Optional or defined
in C:\Users\Saurabh Zend\AppData\Local\Temp\testng-eclipse--1362385724\testng-customsuite.xml
at org.testng.internal.Parameters.createParams(Parameters.java:270)
at org.testng.internal.Parameters.createParametersForMethod(Parameters.java:358)
at org.testng.internal.Parameters.createParameters(Parameters.java:700)
at org.testng.internal.Parameters.createConfigurationParameters(Parameters.java:168)
at org.testng.internal.ConfigInvoker.invokeConfigurations(ConfigInvoker.java:302)
at org.testng.TestRunner.invokeTestConfigurations(TestRunner.java:637)
at org.testng.TestRunner.beforeRun(TestRunner.java:627)
at org.testng.TestRunner.run(TestRunner.java:589)
at org.testng.SuiteRunner.runTest(SuiteRunner.java:377)
at org.testng.SuiteRunner.runSequentially(SuiteRunner.java:371)
at org.testng.SuiteRunner.privateRun(SuiteRunner.java:332)
at org.testng.SuiteRunner.run(SuiteRunner.java:276)
at org.testng.SuiteRunnerWorker.runSuite(SuiteRunnerWorker.java:53)
at org.testng.SuiteRunnerWorker.run(SuiteRunnerWorker.java:96)
at org.testng.TestNG.runSuitesSequentially(TestNG.java:1212)
at org.testng.TestNG.runSuitesLocally(TestNG.java:1134)
at org.testng.TestNG.runSuites(TestNG.java:1063)
at org.testng.TestNG.run(TestNG.java:1031)
at org.testng.remote.AbstractRemoteTestNG.run(AbstractRemoteTestNG.java:115)
at org.testng.remote.RemoteTestNG.initAndRun(RemoteTestNG.java:251)
at org.testng.remote.RemoteTestNG.main(RemoteTestNG.java:77)
]]>
    </failure>
  </testcase> <!-- @BeforeTest launchBrowser -->
  <testcase classname="amazontestpack.Finalmobileverification" name="@BeforeClass CreratePOMObjects" time="-1.663385736997E9">
    <skipped/>
  </testcase> <!-- @BeforeClass CreratePOMObjects -->
  <testcase classname="amazontestpack.Finalmobileverification" name="@BeforeMethod beforemethodpages" time="-1.663385737015E9">
    <skipped/>
  </testcase> <!-- @BeforeMethod beforemethodpages -->
  <testcase classname="amazontestpack.Finalmobileverification" name="@AfterMethod Logoutfromapplication" time="-1.663385737025E9">
    <skipped/>
  </testcase> <!-- @AfterMethod Logoutfromapplication -->
  <testcase classname="amazontestpack.Finalmobileverification" name="@AfterClass CleanPOMObjects" time="-1.663385737029E9">
    <skipped/>
  </testcase> <!-- @AfterClass CleanPOMObjects -->
  <testcase classname="amazontestpack.Finalmobileverification" name="@AfterTest closeBrowser" time="-1.663385737034E9">
    <skipped/>
  </testcase> <!-- @AfterTest closeBrowser -->
  <testcase classname="amazontestpack.Finalmobileverification" name="Verifysamsungm13AddtocartFunctionality" time="0.0">
    <skipped/>
  </testcase> <!-- Verifysamsungm13AddtocartFunctionality -->
</testsuite> <!-- Default test -->
