<?xml version="1.0" encoding="UTF-8"?>
<!-- Generated by org.testng.reporters.JUnitXMLReporter -->
<testsuite ignored="0" hostname="SAURABH" failures="1" tests="2" name="Test" time="19.441" errors="0" timestamp="2022-09-13T10:13:26 IST">
  <testcase classname="amazontestpack.AmazonTestcase1" name="@BeforeMethod ClickonSearch" time="3.101">
    <failure type="org.openqa.selenium.NoSuchWindowException" message="no such window: target window already closed
from unknown error: web view not found
  (Session info: chrome=105.0.5195.102)
Build info: version: &amp;apos;3.141.59&amp;apos;, revision: &amp;apos;e82be7d358&amp;apos;, time: &amp;apos;2018-11-14T08:17:03&amp;apos;
System info: host: &amp;apos;SAURABH&amp;apos;, ip: &amp;apos;192.168.43.230&amp;apos;, os.name: &amp;apos;Windows 8.1&amp;apos;, os.arch: &amp;apos;amd64&amp;apos;, os.version: &amp;apos;6.3&amp;apos;, java.version: &amp;apos;18.0.1.1&amp;apos;
Driver info: org.openqa.selenium.chrome.ChromeDriver
Capabilities {acceptInsecureCerts: false, browserName: chrome, browserVersion: 105.0.5195.102, chrome: {chromedriverVersion: 105.0.5195.52 (412c95e51883..., userDataDir: C:\Users\SAURAB~1\AppData\L...}, goog:chromeOptions: {debuggerAddress: localhost:62008}, javascriptEnabled: true, networkConnectionEnabled: false, pageLoadStrategy: normal, platform: WINDOWS, platformName: WINDOWS, proxy: Proxy(), setWindowRect: true, strictFileInteractability: false, timeouts: {implicit: 0, pageLoad: 300000, script: 30000}, unhandledPromptBehavior: dismiss and notify, webauthn:extension:credBlob: true, webauthn:extension:largeBlob: true, webauthn:virtualAuthenticators: true}
Session ID: aa2ab55e4e359be954b624c299d25c80
*** Element info: {Using=xpath, value=//input[@id=&amp;apos;twotabsearchtextbox&amp;apos;]}">
      <![CDATA[org.openqa.selenium.NoSuchWindowException: no such window: target window already closed
from unknown error: web view not found
  (Session info: chrome=105.0.5195.102)
Build info: version: '3.141.59', revision: 'e82be7d358', time: '2018-11-14T08:17:03'
System info: host: 'SAURABH', ip: '192.168.43.230', os.name: 'Windows 8.1', os.arch: 'amd64', os.version: '6.3', java.version: '18.0.1.1'
Driver info: org.openqa.selenium.chrome.ChromeDriver
Capabilities {acceptInsecureCerts: false, browserName: chrome, browserVersion: 105.0.5195.102, chrome: {chromedriverVersion: 105.0.5195.52 (412c95e51883..., userDataDir: C:\Users\SAURAB~1\AppData\L...}, goog:chromeOptions: {debuggerAddress: localhost:62008}, javascriptEnabled: true, networkConnectionEnabled: false, pageLoadStrategy: normal, platform: WINDOWS, platformName: WINDOWS, proxy: Proxy(), setWindowRect: true, strictFileInteractability: false, timeouts: {implicit: 0, pageLoad: 300000, script: 30000}, unhandledPromptBehavior: dismiss and notify, webauthn:extension:credBlob: true, webauthn:extension:largeBlob: true, webauthn:virtualAuthenticators: true}
Session ID: aa2ab55e4e359be954b624c299d25c80
*** Element info: {Using=xpath, value=//input[@id='twotabsearchtextbox']}
at org.openqa.selenium.remote.http.W3CHttpResponseCodec.createException(W3CHttpResponseCodec.java:187)
at org.openqa.selenium.remote.http.W3CHttpResponseCodec.decode(W3CHttpResponseCodec.java:122)
at org.openqa.selenium.remote.http.W3CHttpResponseCodec.decode(W3CHttpResponseCodec.java:49)
at org.openqa.selenium.remote.HttpCommandExecutor.execute(HttpCommandExecutor.java:158)
at org.openqa.selenium.remote.service.DriverCommandExecutor.execute(DriverCommandExecutor.java:83)
at org.openqa.selenium.remote.RemoteWebDriver.execute(RemoteWebDriver.java:552)
at org.openqa.selenium.remote.RemoteWebDriver.findElement(RemoteWebDriver.java:323)
at org.openqa.selenium.remote.RemoteWebDriver.findElementByXPath(RemoteWebDriver.java:428)
at org.openqa.selenium.By$ByXPath.findElement(By.java:353)
at org.openqa.selenium.remote.RemoteWebDriver.findElement(RemoteWebDriver.java:315)
at org.openqa.selenium.support.pagefactory.DefaultElementLocator.findElement(DefaultElementLocator.java:69)
at org.openqa.selenium.support.pagefactory.internal.LocatingElementHandler.invoke(LocatingElementHandler.java:38)
at jdk.proxy2/jdk.proxy2.$Proxy14.sendKeys(Unknown Source)
at Amazon.Searchpage.ClickonSearchbox(Searchpage.java:27)
at amazontestpack.AmazonTestcase1.ClickonSearch(AmazonTestcase1.java:44)
at java.base/java.util.ArrayList.forEach(ArrayList.java:1511)
... Removed 32 stack frames]]>
    </failure>
  </testcase> <!-- @BeforeMethod ClickonSearch -->
  <testcase classname="amazontestpack.AmazonTestcase1" name="@AfterMethod afterMethod" time="-1.663044206761E9">
    <skipped/>
  </testcase> <!-- @AfterMethod afterMethod -->
  <testcase classname="amazontestpack.AmazonTestcase1" name="@AfterClass afterClass" time="-1.663044206764E9">
    <skipped/>
  </testcase> <!-- @AfterClass afterClass -->
  <testcase classname="amazontestpack.Verifyloginlogout" name="verifySignINFinal" time="1.962">
    <failure type="java.lang.NullPointerException" message="Cannot invoke &amp;quot;Amazon.Logoutamazon.ClickonACC()&amp;quot; because &amp;quot;this.logoutamazon&amp;quot; is null">
      <![CDATA[java.lang.NullPointerException: Cannot invoke "Amazon.Logoutamazon.ClickonACC()" because "this.logoutamazon" is null
at amazontestpack.Verifyloginlogout.verifySignINFinal(Verifyloginlogout.java:71)
at java.base/java.util.ArrayList.forEach(ArrayList.java:1511)
... Removed 25 stack frames]]>
    </failure>
  </testcase> <!-- verifySignINFinal -->
  <testcase classname="amazontestpack.AmazonTestcase1" name="verifyFourGBvarientbutton" time="0.0">
    <skipped/>
  </testcase> <!-- verifyFourGBvarientbutton -->
</testsuite> <!-- Test -->
