<?xml version="1.0" encoding="UTF-8"?>
<!-- Generated by org.testng.reporters.JUnitXMLReporter -->
<testsuite ignored="0" hostname="SAURABH" failures="0" tests="2" name="Default test" time="0.14" errors="0" timestamp="2022-09-15T12:14:24 IST">
  <testcase classname="temptestpack.VerifyRoomspage" name="@BeforeTest launchBrowser" time="-1.663224264005E9">
    <failure type="org.testng.TestNGException" message="
Parameter &amp;apos;browser&amp;apos; is required by BeforeTest on method launchBrowser but has not been marked @Optional or defined
in C:\Users\Saurabh Zend\AppData\Local\Temp\testng-eclipse--479449296\testng-customsuite.xml">
      <![CDATA[org.testng.TestNGException: 
Parameter 'browser' is required by BeforeTest on method launchBrowser but has not been marked @Optional or defined
in C:\Users\Saurabh Zend\AppData\Local\Temp\testng-eclipse--479449296\testng-customsuite.xml
at org.testng.internal.Parameters.createParams(Parameters.java:270)
at org.testng.internal.Parameters.createParametersForMethod(Parameters.java:358)
at org.testng.internal.Parameters.createParameters(Parameters.java:700)
at org.testng.internal.Parameters.createConfigurationParameters(Parameters.java:168)
at org.testng.internal.ConfigInvoker.invokeConfigurations(ConfigInvoker.java:302)
at org.testng.TestRunner.invokeTestConfigurations(TestRunner.java:637)
at org.testng.TestRunner.beforeRun(TestRunner.java:627)
at org.testng.TestRunner.run(TestRunner.java:589)
at org.testng.SuiteRunner.runTest(SuiteRunner.java:377)
at org.testng.SuiteRunner.runSequentially(SuiteRunner.java:371)
at org.testng.SuiteRunner.privateRun(SuiteRunner.java:332)
at org.testng.SuiteRunner.run(SuiteRunner.java:276)
at org.testng.SuiteRunnerWorker.runSuite(SuiteRunnerWorker.java:53)
at org.testng.SuiteRunnerWorker.run(SuiteRunnerWorker.java:96)
at org.testng.TestNG.runSuitesSequentially(TestNG.java:1212)
at org.testng.TestNG.runSuitesLocally(TestNG.java:1134)
at org.testng.TestNG.runSuites(TestNG.java:1063)
at org.testng.TestNG.run(TestNG.java:1031)
at org.testng.remote.AbstractRemoteTestNG.run(AbstractRemoteTestNG.java:115)
at org.testng.remote.RemoteTestNG.initAndRun(RemoteTestNG.java:251)
at org.testng.remote.RemoteTestNG.main(RemoteTestNG.java:77)
]]>
    </failure>
  </testcase> <!-- @BeforeTest launchBrowser -->
  <testcase classname="temptestpack.VerifyRoomspage" name="@BeforeClass createPOMObjects" time="-1.663224264061E9">
    <skipped/>
  </testcase> <!-- @BeforeClass createPOMObjects -->
  <testcase classname="temptestpack.VerifyRoomspage" name="@BeforeMethod openRoomspage" time="-1.663224264084E9">
    <skipped/>
  </testcase> <!-- @BeforeMethod openRoomspage -->
  <testcase classname="temptestpack.VerifyRoomspage" name="@AfterMethod logoutFromApplication" time="-1.663224264098E9">
    <skipped/>
  </testcase> <!-- @AfterMethod logoutFromApplication -->
  <testcase classname="temptestpack.VerifyRoomspage" name="@BeforeMethod openRoomspage" time="-1.663224264102E9">
    <skipped/>
  </testcase> <!-- @BeforeMethod openRoomspage -->
  <testcase classname="temptestpack.VerifyRoomspage" name="@AfterMethod logoutFromApplication" time="-1.663224264121E9">
    <skipped/>
  </testcase> <!-- @AfterMethod logoutFromApplication -->
  <testcase classname="temptestpack.VerifyRoomspage" name="@AfterClass CleanPOMObjects" time="-1.663224264126E9">
    <skipped/>
  </testcase> <!-- @AfterClass CleanPOMObjects -->
  <testcase classname="temptestpack.VerifyRoomspage" name="@AfterTest closeBrowser" time="-1.663224264131E9">
    <skipped/>
  </testcase> <!-- @AfterTest closeBrowser -->
  <testcase classname="temptestpack.VerifyRoomspage" name="verifyContactToHelpCenterButton" time="0.0">
    <skipped/>
  </testcase> <!-- verifyContactToHelpCenterButton -->
  <testcase classname="temptestpack.VerifyRoomspage" name="verifyGoBackToMessangerButton" time="0.0">
    <skipped/>
  </testcase> <!-- verifyGoBackToMessangerButton -->
</testsuite> <!-- Default test -->
